<?xml version="1.0" encoding="UTF-8"?>
<!-- Generated by org.testng.reporters.JUnitReportReporter -->
<testsuite hostname="Rakesh" failures="0" tests="1" name="tests.MyInfoUpdate" time="85.430" errors="0" timestamp="07 Sept 2025 14:57:07 GMT" skipped="0">
  <testcase classname="tests.MyInfoUpdate" name="updateInfo" time="85.430"/>
</testsuite> <!-- tests.MyInfoUpdate -->
