<?xml version="1.0" encoding="UTF-8"?>
<!-- Generated by org.testng.reporters.JUnitReportReporter -->
<testsuite hostname="Rakesh" failures="0" tests="1" name="tests.LoginTest" time="14.942" errors="0" timestamp="01 Sept 2025 15:09:05 GMT" skipped="0">
  <testcase classname="tests.LoginTest" name="login" time="14.942"/>
</testsuite> <!-- tests.LoginTest -->
