<?xml version="1.0" encoding="UTF-8"?>
<!-- Generated by org.testng.reporters.JUnitReportReporter -->
<testsuite hostname="Rakesh" failures="0" tests="1" name="tests.LoginTest" time="9.064" errors="0" timestamp="01 Sept 2025 08:44:35 GMT" skipped="0">
  <testcase classname="tests.LoginTest" name="login" time="9.064"/>
</testsuite> <!-- tests.LoginTest -->
