<?xml version="1.0" encoding="UTF-8"?>
<!-- Generated by org.testng.reporters.JUnitReportReporter -->
<testsuite hostname="Rakesh" failures="0" tests="1" name="tests.CreateAdmin" time="36.487" errors="0" timestamp="03 Sept 2025 13:46:44 GMT" skipped="0">
  <testcase classname="tests.CreateAdmin" name="createAdminRole" time="36.487"/>
</testsuite> <!-- tests.CreateAdmin -->
